2019-11-09 18:15:45,466  : GET ,/me/i ,HTTP/1.1
2019-11-09 18:19:40,138  : GET ,/home/sourabh/me/index.html ,HTTP/1.1
2019-11-09 18:19:47,247  : GET ,/me/index.html ,HTTP/1.1
2019-11-09 18:19:47,315  : GET ,/me/css/jquery-ui.css ,HTTP/1.1
2019-11-09 18:19:47,352  : GET ,/me/css/owl.theme.default.min.css ,HTTP/1.1
2019-11-09 18:19:47,353  : GET ,/me/fonts/icomoon/style.css ,HTTP/1.1
2019-11-09 18:19:47,357  : GET ,/me/css/jquery.fancybox.min.css ,HTTP/1.1
2019-11-09 18:19:47,385  : GET ,/me/css/bootstrap.min.css ,HTTP/1.1
2019-11-09 18:19:47,387  : GET ,/me/css/owl.carousel.min.css ,HTTP/1.1
2019-11-09 18:19:47,401  : GET ,/me/css/bootstrap-datepicker.css ,HTTP/1.1
2019-11-09 18:19:47,410  : GET ,/me/fonts/flaticon/font/flaticon.css ,HTTP/1.1
2019-11-09 18:19:47,416  : GET ,/me/css/aos.css ,HTTP/1.1
2019-11-09 18:19:47,427  : GET ,/me/css/style.css ,HTTP/1.1
2019-11-09 18:19:47,431  : GET ,/me/js/jquery-ui.js ,HTTP/1.1
2019-11-09 18:19:47,437  : GET ,/me/js/jquery-3.3.1.min.js ,HTTP/1.1
2019-11-09 18:19:47,456  : GET ,/me/js/popper.min.js ,HTTP/1.1
2019-11-09 18:19:47,493  : GET ,/me/js/jquery.easing.1.3.js ,HTTP/1.1
2019-11-09 18:19:47,496  : GET ,/me/js/bootstrap.min.js ,HTTP/1.1
2019-11-09 18:19:47,499  : GET ,/me/js/owl.carousel.min.js ,HTTP/1.1
2019-11-09 18:19:47,502  : GET ,/me/js/aos.js ,HTTP/1.1
2019-11-09 18:19:47,509  : GET ,/me/js/jquery.fancybox.min.js ,HTTP/1.1
2019-11-09 18:19:47,519  : GET ,/me/js/jquery.sticky.js ,HTTP/1.1
2019-11-09 18:19:47,528  : GET ,/me/js/isotope.pkgd.min.js ,HTTP/1.1
2019-11-09 18:19:47,540  : GET ,/me/js/main.js ,HTTP/1.1
2019-11-09 18:19:47,547  : GET ,/me/images/face.png ,HTTP/1.1
2019-11-09 18:19:47,555  : GET ,/me/images/post_6.jpg ,HTTP/1.1
2019-11-09 18:19:47,585  : GET ,/me/images/logo_1.jpg ,HTTP/1.1
2019-11-09 18:19:47,599  : GET ,/me/images/logo_2.jpg ,HTTP/1.1
2019-11-09 18:19:47,608  : GET ,/me/images/logo_3.jpg ,HTTP/1.1
2019-11-09 18:19:47,614  : GET ,/me/images/post_2.jpg ,HTTP/1.1
2019-11-09 18:19:47,668  : GET ,/me/images/post_4.jpg ,HTTP/1.1
2019-11-09 18:19:47,677  : GET ,/me/images/post_3.jpg ,HTTP/1.1
2019-11-09 18:19:47,683  : GET ,/me/images/logo_4.jpg ,HTTP/1.1
2019-11-09 18:19:47,697  : GET ,/me/images/logo_5.jpg ,HTTP/1.1
2019-11-09 18:19:47,700  : GET ,/me/images/post_5.jpg ,HTTP/1.1
2019-11-09 18:19:47,706  : GET ,/me/images/logo_6.jpg ,HTTP/1.1
2019-11-09 18:19:47,785  : GET ,/me/fonts/icomoon/fonts/icomoon.ttf ,HTTP/1.1
2019-11-09 18:20:02,315  : GET ,/me/index.html ,HTTP/1.1
2019-11-09 18:20:02,373  : GET ,/me/js/jquery-3.3.1.min.js ,HTTP/1.1
2019-11-09 18:20:02,400  : GET ,/me/js/owl.carousel.min.js ,HTTP/1.1
2019-11-09 18:20:02,402  : GET ,/me/js/bootstrap.min.js ,HTTP/1.1
2019-11-09 18:20:02,404  : GET ,/me/js/jquery-ui.js ,HTTP/1.1
2019-11-09 18:20:02,405  : GET ,/me/js/jquery.easing.1.3.js ,HTTP/1.1
2019-11-09 18:20:02,412  : GET ,/me/js/popper.min.js ,HTTP/1.1
2019-11-09 18:20:02,422  : GET ,/me/js/aos.js ,HTTP/1.1
2019-11-09 18:20:02,424  : GET ,/me/js/jquery.fancybox.min.js ,HTTP/1.1
2019-11-09 18:20:02,437  : GET ,/me/js/jquery.sticky.js ,HTTP/1.1
2019-11-09 18:20:02,440  : GET ,/me/js/isotope.pkgd.min.js ,HTTP/1.1
2019-11-09 18:20:02,453  : GET ,/me/js/main.js ,HTTP/1.1
2019-11-09 18:20:02,456  : GET ,/me/fonts/icomoon/style.css ,HTTP/1.1
2019-11-09 18:20:02,486  : GET ,/me/css/bootstrap.min.css ,HTTP/1.1
2019-11-09 18:20:02,497  : GET ,/me/css/jquery-ui.css ,HTTP/1.1
2019-11-09 18:20:02,508  : GET ,/me/css/owl.carousel.min.css ,HTTP/1.1
2019-11-09 18:20:02,523  : GET ,/me/css/owl.theme.default.min.css ,HTTP/1.1
2019-11-09 18:20:02,524  : GET ,/me/css/jquery.fancybox.min.css ,HTTP/1.1
2019-11-09 18:20:02,537  : GET ,/me/css/bootstrap-datepicker.css ,HTTP/1.1
2019-11-09 18:20:02,550  : GET ,/me/fonts/flaticon/font/flaticon.css ,HTTP/1.1
2019-11-09 18:20:02,576  : GET ,/me/css/aos.css ,HTTP/1.1
2019-11-09 18:20:02,580  : GET ,/me/css/style.css ,HTTP/1.1
2019-11-09 18:20:02,671  : GET ,/me/images/logo_3.jpg ,HTTP/1.1
2019-11-09 18:20:02,685  : GET ,/me/images/logo_4.jpg ,HTTP/1.1
2019-11-09 18:20:02,700  : GET ,/me/images/logo_2.jpg ,HTTP/1.1
2019-11-09 18:20:02,713  : GET ,/me/images/post_6.jpg ,HTTP/1.1
2019-11-09 18:20:02,726  : GET ,/me/images/logo_5.jpg ,HTTP/1.1
2019-11-09 18:20:02,729  : GET ,/me/images/logo_1.jpg ,HTTP/1.1
2019-11-09 18:20:02,759  : GET ,/me/images/face.png ,HTTP/1.1
2019-11-09 18:20:02,780  : GET ,/me/images/logo_6.jpg ,HTTP/1.1
2019-11-09 18:20:02,809  : GET ,/me/images/post_3.jpg ,HTTP/1.1
2019-11-09 18:20:02,812  : GET ,/me/images/post_4.jpg ,HTTP/1.1
2019-11-09 18:20:02,844  : GET ,/me/images/post_5.jpg ,HTTP/1.1
2019-11-09 18:20:02,844  : GET ,/me/images/post_2.jpg ,HTTP/1.1
2019-11-09 19:03:11,677  : GET ,/home/sourabh/ ,HTTP/1.1
2019-11-09 19:34:27,308  : GET ,/home/sourabh/ty/nawp/nawp.pdf ,HTTP/1.1
2019-11-09 19:34:33,852  : GET ,/me/index.html ,HTTP/1.1
2019-11-09 19:34:33,886  : GET ,/me/fonts/icomoon/style.css ,HTTP/1.1
2019-11-09 19:34:33,894  : GET ,/me/css/bootstrap.min.css ,HTTP/1.1
2019-11-09 19:34:33,895  : GET ,/me/css/jquery.fancybox.min.css ,HTTP/1.1
2019-11-09 19:34:33,896  : GET ,/me/css/owl.carousel.min.css ,HTTP/1.1
2019-11-09 19:34:33,907  : GET ,/me/css/jquery-ui.css ,HTTP/1.1
2019-11-09 19:34:33,913  : GET ,/me/css/owl.theme.default.min.css ,HTTP/1.1
2019-11-09 19:34:33,921  : GET ,/me/css/bootstrap-datepicker.css ,HTTP/1.1
2019-11-09 19:34:33,924  : GET ,/me/fonts/flaticon/font/flaticon.css ,HTTP/1.1
2019-11-09 19:34:33,951  : GET ,/me/css/aos.css ,HTTP/1.1
2019-11-09 19:34:33,952  : GET ,/me/css/style.css ,HTTP/1.1
2019-11-09 19:34:33,953  : GET ,/me/js/jquery-ui.js ,HTTP/1.1
2019-11-09 19:34:33,959  : GET ,/me/js/jquery-3.3.1.min.js ,HTTP/1.1
2019-11-09 19:34:33,986  : GET ,/me/js/popper.min.js ,HTTP/1.1
2019-11-09 19:34:33,992  : GET ,/me/js/bootstrap.min.js ,HTTP/1.1
2019-11-09 19:34:33,995  : GET ,/me/js/owl.carousel.min.js ,HTTP/1.1
2019-11-09 19:34:34,001  : GET ,/me/js/jquery.easing.1.3.js ,HTTP/1.1
2019-11-09 19:34:34,005  : GET ,/me/js/aos.js ,HTTP/1.1
2019-11-09 19:34:34,012  : GET ,/me/js/jquery.fancybox.min.js ,HTTP/1.1
2019-11-09 19:34:34,017  : GET ,/me/js/jquery.sticky.js ,HTTP/1.1
2019-11-09 19:34:34,024  : GET ,/me/js/isotope.pkgd.min.js ,HTTP/1.1
2019-11-09 19:34:34,037  : GET ,/me/js/main.js ,HTTP/1.1
2019-11-09 19:34:34,047  : GET ,/me/images/post_2.jpg ,HTTP/1.1
2019-11-09 19:34:34,056  : GET ,/me/images/post_4.jpg ,HTTP/1.1
2019-11-09 19:34:34,057  : GET ,/me/images/post_3.jpg ,HTTP/1.1
2019-11-09 19:34:34,072  : GET ,/me/images/post_6.jpg ,HTTP/1.1
2019-11-09 19:34:34,072  : GET ,/me/images/post_5.jpg ,HTTP/1.1
2019-11-09 19:34:34,079  : GET ,/me/images/logo_1.jpg ,HTTP/1.1
2019-11-09 19:34:34,087  : GET ,/me/images/logo_2.jpg ,HTTP/1.1
2019-11-09 19:34:34,105  : GET ,/me/images/logo_4.jpg ,HTTP/1.1
2019-11-09 19:34:34,106  : GET ,/me/images/logo_3.jpg ,HTTP/1.1
2019-11-09 19:34:34,128  : GET ,/me/images/logo_5.jpg ,HTTP/1.1
2019-11-09 19:34:34,139  : GET ,/me/images/logo_6.jpg ,HTTP/1.1
2019-11-09 19:34:34,146  : GET ,/me/images/face.png ,HTTP/1.1
2019-11-09 19:34:38,716  : GET ,/me/fonts/icomoon/fonts/icomoon.ttf ,HTTP/1.1
2019-11-09 19:34:46,568  : GET ,/me ,HTTP/1.1
2019-11-09 19:34:46,569  : GET ,/me ,HTTP/1.1
2019-11-09 19:34:46,575  : GET ,/me ,HTTP/1.1
2019-11-09 19:34:46,576  : GET ,/me ,HTTP/1.1
2019-11-09 19:34:46,577  : GET ,/me ,HTTP/1.1
2019-11-09 19:34:46,578  : GET ,/me ,HTTP/1.1
2019-11-09 19:34:46,579  : GET ,/me ,HTTP/1.1
2019-11-09 19:34:46,579  : GET ,/me ,HTTP/1.1
2019-11-09 19:34:46,580  : GET ,/me ,HTTP/1.1
2019-11-09 19:34:46,581  : GET ,/me ,HTTP/1.1
2019-11-09 19:34:51,350  : GET ,/ ,HTTP/1.1
2019-11-09 19:34:57,226  : GET ,/me/index.html ,HTTP/1.1
2019-11-09 19:34:57,243  : GET ,/me/fonts/icomoon/style.css ,HTTP/1.1
2019-11-09 19:34:57,249  : GET ,/me/css/owl.theme.default.min.css ,HTTP/1.1
2019-11-09 19:34:57,253  : GET ,/me/css/bootstrap.min.css ,HTTP/1.1
2019-11-09 19:34:57,266  : GET ,/me/css/jquery-ui.css ,HTTP/1.1
2019-11-09 19:34:57,268  : GET ,/me/css/owl.carousel.min.css ,HTTP/1.1
2019-11-09 19:34:57,276  : GET ,/me/css/jquery.fancybox.min.css ,HTTP/1.1
2019-11-09 19:34:57,283  : GET ,/me/fonts/flaticon/font/flaticon.css ,HTTP/1.1
2019-11-09 19:34:57,307  : GET ,/me/css/bootstrap-datepicker.css ,HTTP/1.1
2019-11-09 19:34:57,307  : GET ,/me/css/aos.css ,HTTP/1.1
2019-11-09 19:34:57,325  : GET ,/me/css/style.css ,HTTP/1.1
2019-11-09 19:34:57,326  : GET ,/me/js/popper.min.js ,HTTP/1.1
2019-11-09 19:34:57,332  : GET ,/me/js/owl.carousel.min.js ,HTTP/1.1
2019-11-09 19:34:57,343  : GET ,/me/js/jquery.easing.1.3.js ,HTTP/1.1
2019-11-09 19:34:57,368  : GET ,/me/js/aos.js ,HTTP/1.1
2019-11-09 19:34:57,384  : GET ,/me/js/isotope.pkgd.min.js ,HTTP/1.1
2019-11-09 19:34:57,399  : GET ,/me/js/jquery.sticky.js ,HTTP/1.1
2019-11-09 19:34:57,405  : GET ,/me/js/jquery-3.3.1.min.js ,HTTP/1.1
2019-11-09 19:34:57,407  : GET ,/me/js/jquery-ui.js ,HTTP/1.1
2019-11-09 19:34:57,408  : GET ,/me/js/main.js ,HTTP/1.1
2019-11-09 19:34:57,418  : GET ,/me/js/bootstrap.min.js ,HTTP/1.1
2019-11-09 19:34:57,424  : GET ,/me/js/jquery.fancybox.min.js ,HTTP/1.1
2019-11-09 19:34:57,431  : GET ,/me/images/post_3.jpg ,HTTP/1.1
2019-11-09 19:34:57,434  : GET ,/me/images/face.png ,HTTP/1.1
2019-11-09 19:34:57,444  : GET ,/me/images/post_2.jpg ,HTTP/1.1
2019-11-09 19:34:57,450  : GET ,/me/images/post_4.jpg ,HTTP/1.1
2019-11-09 19:34:57,456  : GET ,/me/images/post_5.jpg ,HTTP/1.1
2019-11-09 19:34:57,472  : GET ,/me/images/post_6.jpg ,HTTP/1.1
2019-11-09 19:34:57,478  : GET ,/me/images/logo_1.jpg ,HTTP/1.1
2019-11-09 19:34:57,503  : GET ,/me/images/logo_2.jpg ,HTTP/1.1
2019-11-09 19:34:57,503  : GET ,/me/images/logo_5.jpg ,HTTP/1.1
2019-11-09 19:34:57,504  : GET ,/me/images/logo_3.jpg ,HTTP/1.1
2019-11-09 19:34:57,504  : GET ,/me/images/logo_4.jpg ,HTTP/1.1
2019-11-09 19:34:57,510  : GET ,/me/images/logo_6.jpg ,HTTP/1.1
2019-11-09 19:35:17,368  : GET ,/me/index.html ,HTTP/1.1
2019-11-09 19:35:17,389  : GET ,/me/fonts/icomoon/style.css ,HTTP/1.1
2019-11-09 19:35:17,391  : GET ,/me/css/jquery-ui.css ,HTTP/1.1
2019-11-09 19:35:17,404  : GET ,/me/css/bootstrap.min.css ,HTTP/1.1
2019-11-09 19:35:17,405  : GET ,/me/css/jquery.fancybox.min.css ,HTTP/1.1
2019-11-09 19:35:17,406  : GET ,/me/css/owl.carousel.min.css ,HTTP/1.1
2019-11-09 19:35:17,407  : GET ,/me/css/owl.theme.default.min.css ,HTTP/1.1
2019-11-09 19:35:17,409  : GET ,/me/css/bootstrap-datepicker.css ,HTTP/1.1
2019-11-09 19:35:17,421  : GET ,/me/css/aos.css ,HTTP/1.1
2019-11-09 19:35:17,423  : GET ,/me/css/style.css ,HTTP/1.1
2019-11-09 19:35:17,445  : GET ,/me/js/jquery-3.3.1.min.js ,HTTP/1.1
2019-11-09 19:35:17,467  : GET ,/me/js/jquery-ui.js ,HTTP/1.1
2019-11-09 19:35:17,468  : GET ,/me/fonts/flaticon/font/flaticon.css ,HTTP/1.1
2019-11-09 19:35:17,474  : GET ,/me/js/popper.min.js ,HTTP/1.1
2019-11-09 19:35:17,476  : GET ,/me/js/bootstrap.min.js ,HTTP/1.1
2019-11-09 19:35:17,482  : GET ,/me/js/owl.carousel.min.js ,HTTP/1.1
2019-11-09 19:35:17,488  : GET ,/me/js/jquery.easing.1.3.js ,HTTP/1.1
2019-11-09 19:35:17,508  : GET ,/me/js/aos.js ,HTTP/1.1
2019-11-09 19:35:17,508  : GET ,/me/js/jquery.fancybox.min.js ,HTTP/1.1
2019-11-09 19:35:17,517  : GET ,/me/js/jquery.sticky.js ,HTTP/1.1
2019-11-09 19:35:17,528  : GET ,/me/js/main.js ,HTTP/1.1
2019-11-09 19:35:17,528  : GET ,/me/js/isotope.pkgd.min.js ,HTTP/1.1
2019-11-09 19:35:17,568  : GET ,/me/images/post_2.jpg ,HTTP/1.1
2019-11-09 19:35:17,569  : GET ,/me/images/face.png ,HTTP/1.1
2019-11-09 19:35:17,570  : GET ,/me/images/post_3.jpg ,HTTP/1.1
2019-11-09 19:35:17,581  : GET ,/me/images/post_4.jpg ,HTTP/1.1
2019-11-09 19:35:17,587  : GET ,/me/images/post_5.jpg ,HTTP/1.1
2019-11-09 19:35:17,587  : GET ,/me/images/post_6.jpg ,HTTP/1.1
2019-11-09 19:35:17,594  : GET ,/me/images/logo_1.jpg ,HTTP/1.1
2019-11-09 19:35:17,603  : GET ,/me/images/logo_2.jpg ,HTTP/1.1
2019-11-09 19:35:17,612  : GET ,/me/images/logo_3.jpg ,HTTP/1.1
2019-11-09 19:35:17,619  : GET ,/me/images/logo_4.jpg ,HTTP/1.1
2019-11-09 19:35:17,626  : GET ,/me/images/logo_5.jpg ,HTTP/1.1
2019-11-09 19:35:17,632  : GET ,/me/images/logo_6.jpg ,HTTP/1.1
2019-11-09 19:35:23,653  : GET ,/ ,HTTP/1.1
2019-11-09 19:35:31,659  : GET ,/ho ,HTTP/1.1
2019-11-09 19:36:02,481  : GET ,/index.html ,HTTP/1.1
2019-11-09 19:36:17,450  : GET ,/me/index.html ,HTTP/1.1
2019-11-09 19:36:17,473  : GET ,/me/fonts/icomoon/style.css ,HTTP/1.1
2019-11-09 19:36:17,484  : GET ,/me/css/bootstrap.min.css ,HTTP/1.1
2019-11-09 19:36:17,485  : GET ,/me/css/jquery-ui.css ,HTTP/1.1
2019-11-09 19:36:17,768  : GET ,/me/css/owl.carousel.min.css ,HTTP/1.1
2019-11-09 19:36:17,768  : GET ,/me/css/jquery.fancybox.min.css ,HTTP/1.1
2019-11-09 19:36:17,769  : GET ,/me/css/owl.theme.default.min.css ,HTTP/1.1
2019-11-09 19:36:17,770  : GET ,/me/css/bootstrap-datepicker.css ,HTTP/1.1
2019-11-09 19:36:17,783  : GET ,/me/css/aos.css ,HTTP/1.1
2019-11-09 19:36:17,888  : GET ,/me/js/jquery-ui.js ,HTTP/1.1
2019-11-09 19:36:17,894  : GET ,/me/css/style.css ,HTTP/1.1
2019-11-09 19:36:17,894  : GET ,/me/fonts/flaticon/font/flaticon.css ,HTTP/1.1
2019-11-09 19:36:17,895  : GET ,/me/js/jquery-3.3.1.min.js ,HTTP/1.1
2019-11-09 19:36:17,895  : GET ,/me/js/popper.min.js ,HTTP/1.1
2019-11-09 19:36:17,902  : GET ,/me/js/bootstrap.min.js ,HTTP/1.1
2019-11-09 19:36:17,914  : GET ,/me/js/owl.carousel.min.js ,HTTP/1.1
2019-11-09 19:36:17,937  : GET ,/me/js/jquery.easing.1.3.js ,HTTP/1.1
2019-11-09 19:36:17,940  : GET ,/me/js/aos.js ,HTTP/1.1
2019-11-09 19:36:17,947  : GET ,/me/js/jquery.fancybox.min.js ,HTTP/1.1
2019-11-09 19:36:17,956  : GET ,/me/js/jquery.sticky.js ,HTTP/1.1
2019-11-09 19:36:17,959  : GET ,/me/js/isotope.pkgd.min.js ,HTTP/1.1
2019-11-09 19:36:17,970  : GET ,/me/js/main.js ,HTTP/1.1
2019-11-09 19:36:17,982  : GET ,/me/images/face.png ,HTTP/1.1
2019-11-09 19:36:17,994  : GET ,/me/images/post_2.jpg ,HTTP/1.1
2019-11-09 19:36:18,006  : GET ,/me/images/post_4.jpg ,HTTP/1.1
2019-11-09 19:36:18,007  : GET ,/me/images/post_3.jpg ,HTTP/1.1
2019-11-09 19:36:18,011  : GET ,/me/images/post_5.jpg ,HTTP/1.1
2019-11-09 19:36:18,012  : GET ,/me/images/post_6.jpg ,HTTP/1.1
2019-11-09 19:36:18,018  : GET ,/me/images/logo_1.jpg ,HTTP/1.1
2019-11-09 19:36:18,025  : GET ,/me/images/logo_2.jpg ,HTTP/1.1
2019-11-09 19:36:18,026  : GET ,/me/images/logo_3.jpg ,HTTP/1.1
2019-11-09 19:36:18,032  : GET ,/me/images/logo_4.jpg ,HTTP/1.1
2019-11-09 19:36:18,038  : GET ,/me/images/logo_5.jpg ,HTTP/1.1
2019-11-09 19:36:18,055  : GET ,/me/images/logo_6.jpg ,HTTP/1.1
2019-11-09 19:36:20,873  : GET ,/me/index.htm ,HTTP/1.1
2019-11-09 19:47:47,572  : GET ,/me/index.htm ,HTTP/1.1
2019-11-09 19:47:49,716  : GET ,/me/index.html ,HTTP/1.1
2019-11-09 19:47:49,743  : GET ,/me/js/jquery-3.3.1.min.js ,HTTP/1.1
2019-11-09 19:47:49,755  : GET ,/me/js/jquery-ui.js ,HTTP/1.1
2019-11-09 19:47:49,757  : GET ,/me/js/popper.min.js ,HTTP/1.1
2019-11-09 19:47:49,757  : GET ,/me/js/jquery.easing.1.3.js ,HTTP/1.1
2019-11-09 19:47:49,767  : GET ,/me/js/bootstrap.min.js ,HTTP/1.1
2019-11-09 19:47:49,786  : GET ,/me/js/owl.carousel.min.js ,HTTP/1.1
2019-11-09 19:47:49,788  : GET ,/me/js/aos.js ,HTTP/1.1
2019-11-09 19:47:49,789  : GET ,/me/js/jquery.fancybox.min.js ,HTTP/1.1
2019-11-09 19:47:49,800  : GET ,/me/js/isotope.pkgd.min.js ,HTTP/1.1
2019-11-09 19:47:49,807  : GET ,/me/js/main.js ,HTTP/1.1
2019-11-09 19:47:49,812  : GET ,/me/js/jquery.sticky.js ,HTTP/1.1
2019-11-09 19:47:49,839  : GET ,/me/fonts/icomoon/style.css ,HTTP/1.1
2019-11-09 19:47:49,898  : GET ,/me/css/bootstrap.min.css ,HTTP/1.1
2019-11-09 19:47:49,900  : GET ,/me/css/owl.carousel.min.css ,HTTP/1.1
2019-11-09 19:47:49,901  : GET ,/me/css/owl.theme.default.min.css ,HTTP/1.1
2019-11-09 19:47:49,901  : GET ,/me/css/jquery-ui.css ,HTTP/1.1
2019-11-09 19:47:49,909  : GET ,/me/css/jquery.fancybox.min.css ,HTTP/1.1
2019-11-09 19:47:49,915  : GET ,/me/css/bootstrap-datepicker.css ,HTTP/1.1
2019-11-09 19:47:49,921  : GET ,/me/fonts/flaticon/font/flaticon.css ,HTTP/1.1
2019-11-09 19:47:49,951  : GET ,/me/css/aos.css ,HTTP/1.1
2019-11-09 19:47:49,956  : GET ,/me/css/style.css ,HTTP/1.1
2019-11-09 19:47:50,049  : GET ,/me/images/face.png ,HTTP/1.1
2019-11-09 19:47:50,050  : GET ,/me/images/post_5.jpg ,HTTP/1.1
2019-11-09 19:47:50,052  : GET ,/me/images/logo_2.jpg ,HTTP/1.1
2019-11-09 19:47:50,054  : GET ,/me/images/post_6.jpg ,HTTP/1.1
2019-11-09 19:47:50,071  : GET ,/me/images/post_4.jpg ,HTTP/1.1
2019-11-09 19:47:50,089  : GET ,/me/images/logo_1.jpg ,HTTP/1.1
2019-11-09 19:47:50,129  : GET ,/me/images/logo_4.jpg ,HTTP/1.1
2019-11-09 19:47:50,136  : GET ,/me/images/post_2.jpg ,HTTP/1.1
2019-11-09 19:47:50,153  : GET ,/me/images/post_3.jpg ,HTTP/1.1
2019-11-09 19:47:50,171  : GET ,/me/images/logo_3.jpg ,HTTP/1.1
2019-11-09 19:47:50,185  : GET ,/me/images/logo_5.jpg ,HTTP/1.1
2019-11-09 19:47:50,186  : GET ,/me/images/logo_6.jpg ,HTTP/1.1
2019-11-09 19:47:50,268  : GET ,/favicon.ico ,HTTP/1.1
2019-11-09 19:47:57,018  : GET ,/index.html ,HTTP/1.1
2019-11-09 19:47:59,783  : GET ,/i ,HTTP/1.1
2019-11-09 19:50:07,396  : GET ,/i ,HTTP/1.1
2019-11-09 19:50:13,056  : GET ,/me/index.html ,HTTP/1.1
2019-11-09 19:50:13,089  : GET ,/me/fonts/icomoon/style.css ,HTTP/1.1
2019-11-09 19:50:13,101  : GET ,/me/css/bootstrap.min.css ,HTTP/1.1
2019-11-09 19:50:13,107  : GET ,/me/js/jquery-3.3.1.min.js ,HTTP/1.1
2019-11-09 19:50:13,118  : GET ,/me/js/jquery-ui.js ,HTTP/1.1
2019-11-09 19:50:13,128  : GET ,/me/css/jquery-ui.css ,HTTP/1.1
2019-11-09 19:50:13,162  : GET ,/me/css/owl.carousel.min.css ,HTTP/1.1
2019-11-09 19:50:13,164  : GET ,/me/css/owl.theme.default.min.css ,HTTP/1.1
2019-11-09 19:50:13,166  : GET ,/me/js/popper.min.js ,HTTP/1.1
2019-11-09 19:50:13,178  : GET ,/me/css/jquery.fancybox.min.css ,HTTP/1.1
2019-11-09 19:50:13,205  : GET ,/me/js/bootstrap.min.js ,HTTP/1.1
2019-11-09 19:50:13,205  : GET ,/me/css/bootstrap-datepicker.css ,HTTP/1.1
2019-11-09 19:50:13,211  : GET ,/me/js/owl.carousel.min.js ,HTTP/1.1
2019-11-09 19:50:13,217  : GET ,/me/js/jquery.easing.1.3.js ,HTTP/1.1
2019-11-09 19:50:13,228  : GET ,/me/js/aos.js ,HTTP/1.1
2019-11-09 19:50:13,234  : GET ,/me/fonts/flaticon/font/flaticon.css ,HTTP/1.1
2019-11-09 19:50:13,247  : GET ,/me/js/jquery.fancybox.min.js ,HTTP/1.1
2019-11-09 19:50:13,257  : GET ,/me/js/jquery.sticky.js ,HTTP/1.1
2019-11-09 19:50:13,263  : GET ,/me/css/aos.css ,HTTP/1.1
2019-11-09 19:50:13,276  : GET ,/me/js/isotope.pkgd.min.js ,HTTP/1.1
2019-11-09 19:50:13,283  : GET ,/me/css/style.css ,HTTP/1.1
2019-11-09 19:50:13,291  : GET ,/me/js/main.js ,HTTP/1.1
2019-11-09 19:50:13,364  : GET ,/me/images/face.png ,HTTP/1.1
2019-11-09 19:50:13,366  : GET ,/me/images/post_6.jpg ,HTTP/1.1
2019-11-09 19:50:13,373  : GET ,/me/images/post_5.jpg ,HTTP/1.1
2019-11-09 19:50:13,375  : GET ,/me/images/post_3.jpg ,HTTP/1.1
2019-11-09 19:50:13,384  : GET ,/me/images/post_4.jpg ,HTTP/1.1
2019-11-09 19:50:13,394  : GET ,/me/images/post_2.jpg ,HTTP/1.1
2019-11-09 19:50:13,409  : GET ,/me/images/logo_2.jpg ,HTTP/1.1
2019-11-09 19:50:13,421  : GET ,/me/images/logo_3.jpg ,HTTP/1.1
2019-11-09 19:50:13,421  : GET ,/me/images/logo_4.jpg ,HTTP/1.1
2019-11-09 19:50:13,438  : GET ,/me/images/logo_1.jpg ,HTTP/1.1
2019-11-09 19:50:13,450  : GET ,/me/images/logo_5.jpg ,HTTP/1.1
2019-11-09 19:50:13,456  : GET ,/me/fonts/icomoon/fonts/icomoon.ttf ,HTTP/1.1
2019-11-09 19:50:13,463  : GET ,/me/images/logo_6.jpg ,HTTP/1.1
2019-11-09 19:50:13,516  : GET ,/favicon.ico ,HTTP/1.1
2019-11-09 20:06:44,863  : GET ,/home/sourabh/index.html ,HTTP/1.1
2019-11-09 20:06:52,648  : GET ,/index.html ,HTTP/1.1
2019-11-09 20:06:59,742  : GET ,/me/index.html ,HTTP/1.1
2019-11-09 20:06:59,780  : GET ,/me/fonts/icomoon/style.css ,HTTP/1.1
2019-11-09 20:06:59,782  : GET ,/me/css/bootstrap.min.css ,HTTP/1.1
2019-11-09 20:06:59,783  : GET ,/me/css/owl.carousel.min.css ,HTTP/1.1
2019-11-09 20:06:59,784  : GET ,/me/css/jquery-ui.css ,HTTP/1.1
2019-11-09 20:06:59,785  : GET ,/me/css/jquery.fancybox.min.css ,HTTP/1.1
2019-11-09 20:06:59,785  : GET ,/me/css/owl.theme.default.min.css ,HTTP/1.1
2019-11-09 20:06:59,806  : GET ,/me/css/aos.css ,HTTP/1.1
2019-11-09 20:06:59,808  : GET ,/me/fonts/flaticon/font/flaticon.css ,HTTP/1.1
2019-11-09 20:06:59,820  : GET ,/me/css/bootstrap-datepicker.css ,HTTP/1.1
2019-11-09 20:06:59,826  : GET ,/me/css/style.css ,HTTP/1.1
2019-11-09 20:06:59,832  : GET ,/me/js/jquery-3.3.1.min.js ,HTTP/1.1
2019-11-09 20:06:59,833  : GET ,/me/js/jquery-ui.js ,HTTP/1.1
2019-11-09 20:06:59,873  : GET ,/me/js/popper.min.js ,HTTP/1.1
2019-11-09 20:06:59,884  : GET ,/me/js/owl.carousel.min.js ,HTTP/1.1
2019-11-09 20:06:59,899  : GET ,/me/js/bootstrap.min.js ,HTTP/1.1
2019-11-09 20:06:59,906  : GET ,/me/js/jquery.easing.1.3.js ,HTTP/1.1
2019-11-09 20:06:59,916  : GET ,/me/js/aos.js ,HTTP/1.1
2019-11-09 20:06:59,942  : GET ,/me/js/jquery.sticky.js ,HTTP/1.1
2019-11-09 20:06:59,959  : GET ,/me/js/isotope.pkgd.min.js ,HTTP/1.1
2019-11-09 20:06:59,974  : GET ,/me/js/jquery.fancybox.min.js ,HTTP/1.1
2019-11-09 20:06:59,975  : GET ,/me/js/main.js ,HTTP/1.1
2019-11-09 20:06:59,983  : GET ,/me/images/face.png ,HTTP/1.1
2019-11-09 20:06:59,989  : GET ,/me/images/logo_1.jpg ,HTTP/1.1
2019-11-09 20:07:00,000  : GET ,/me/images/logo_2.jpg ,HTTP/1.1
2019-11-09 20:07:00,011  : GET ,/me/images/logo_3.jpg ,HTTP/1.1
2019-11-09 20:07:00,013  : GET ,/me/images/post_2.jpg ,HTTP/1.1
2019-11-09 20:07:00,022  : GET ,/me/images/post_3.jpg ,HTTP/1.1
2019-11-09 20:07:00,029  : GET ,/me/images/post_4.jpg ,HTTP/1.1
2019-11-09 20:07:00,034  : GET ,/me/images/post_5.jpg ,HTTP/1.1
2019-11-09 20:07:00,035  : GET ,/me/images/post_6.jpg ,HTTP/1.1
2019-11-09 20:07:00,048  : GET ,/me/images/logo_5.jpg ,HTTP/1.1
2019-11-09 20:07:00,049  : GET ,/me/images/logo_4.jpg ,HTTP/1.1
2019-11-09 20:07:00,061  : GET ,/me/images/logo_6.jpg ,HTTP/1.1
2019-11-09 20:07:00,285  : GET ,/me/fonts/icomoon/fonts/icomoon.ttf ,HTTP/1.1
2019-11-09 20:07:11,209  : GET ,/400.html ,HTTP/1.1
2019-11-09 20:07:31,726  : GET ,/400.html ,HTTP/1.1
2019-11-09 20:07:45,075  : GET ,/me/Server.py ,HTTP/1.1
2019-11-09 20:07:53,288  : GET ,/Server.py ,HTTP/1.1
2019-11-09 20:08:57,780  : GET ,/Server.py ,HTTP/1.1
2019-11-09 20:09:54,530  : GET ,/400.html ,HTTP/1.1
2019-11-09 20:09:59,822  : GET ,/index.html ,HTTP/1.1
2019-11-09 20:39:19,118  : GET ,/me/index.html ,HTTP/1.1
2019-11-09 20:39:19,229  : GET ,/favicon.ico ,HTTP/1.1
2019-11-09 20:39:29,029  : GET ,/me/index.html ,HTTP/1.1
2019-11-09 20:39:29,108  : GET ,/favicon.ico ,HTTP/1.1
2019-11-09 20:39:36,611  : GET ,/ine ,HTTP/1.1
2019-11-09 20:39:41,561  : GET ,/index.html ,HTTP/1.1
2019-11-09 20:39:54,366  : GET ,/me/index.html ,HTTP/1.1
2019-11-09 20:39:54,475  : GET ,/favicon.ico ,HTTP/1.1
2019-11-09 20:40:11,114  : GET ,/index.html ,HTTP/1.1
2019-11-09 20:40:11,258  : GET ,/favicon.ico ,HTTP/1.1
2019-11-09 20:40:36,730  : GET ,/index.html ,HTTP/1.1
2019-11-09 20:47:31,592  : GET ,/index.html ,HTTP/1.1
2019-11-09 20:47:38,735  : GET ,/400.html ,HTTP/1.1
2019-11-09 20:49:34,467  : GET ,/400.html ,HTTP/1.1
2019-11-09 20:49:37,332  : GET ,/405.html ,HTTP/1.1
2019-11-09 20:49:37,352  : GET ,/favicon.ico ,HTTP/1.1
2019-11-09 20:49:42,483  : GET ,/index.html ,HTTP/1.1
2019-11-09 20:49:48,272  : GET ,/metadata.json ,HTTP/1.1
2019-11-10 17:32:46,958  : GET ,/ine ,HTTP/1.1
2019-11-10 17:33:00,277  : GET ,/index.html ,HTTP/1.1
2019-11-10 17:53:24,286  : GET ,/index.html ,HTTP/1.1
2019-11-10 19:14:13,722  : GET ,/500.html ,HTTP/1.1
2019-11-10 19:14:24,794  : GET ,/index..html ,HTTP/1.1
2019-11-10 19:14:26,841  : GET ,/index.html ,HTTP/1.1
2019-11-10 19:16:28,562  : GET ,/index.html ,HTTP/1.1
2019-11-10 19:16:33,774  : GET ,/400.html ,HTTP/1.1
2019-11-10 19:16:36,759  : GET ,/400.html ,HTTP/1.1
2019-11-10 19:16:39,966  : GET ,/500.html ,HTTP/1.1
2020-05-25 10:58:54,174  : GET ,/index.html ,HTTP/1.1
2020-05-25 10:58:54,359  : GET ,/favicon.ico ,HTTP/1.1
